<?xml version="1.0" encoding="UTF-8"?>
<!-- Generated by org.testng.reporters.JUnitXMLReporter -->
<testsuite hostname="Avenger-PC" ignored="0" name="Surefire test" tests="3" failures="0" timestamp="2021-06-21T15:26:08 IST" time="41.553" errors="0">
  <testcase name="test1" time="3.835" classname="com.AutomationTest.demoProject1.TestCase1"/>
  <testcase name="test2" time="9.082" classname="com.AutomationTest.demoProject1.TestCase1"/>
  <testcase name="test3" time="21.935" classname="com.AutomationTest.demoProject1.TestCase1"/>
</testsuite> <!-- Surefire test -->
