<?xml version="1.0" encoding="UTF-8"?>
<!-- Generated by org.testng.reporters.JUnitXMLReporter -->
<testsuite hostname="Avenger-PC" ignored="0" name="Test" tests="3" failures="0" timestamp="21 Jun 2021 09:47:17 GMT" time="38.298" errors="0">
  <testcase name="test1" time="3.804" classname="com.AutomationTest.demoProject1.TestCase1"/>
  <testcase name="test2" time="6.571" classname="com.AutomationTest.demoProject1.TestCase1"/>
  <testcase name="test3" time="20.345" classname="com.AutomationTest.demoProject1.TestCase1"/>
</testsuite> <!-- Test -->
