<?xml version="1.0" encoding="UTF-8"?>
<testng-results skipped="0" failed="0" ignored="0" total="3" passed="3">
  <reporter-output>
  </reporter-output>
  <suite name="Suite" duration-ms="38298" started-at="2021-06-21T09:46:38Z" finished-at="2021-06-21T09:47:17Z">
    <groups>
    </groups>
    <test name="Test" duration-ms="38298" started-at="2021-06-21T09:46:38Z" finished-at="2021-06-21T09:47:17Z">
      <class name="com.AutomationTest.demoProject1.TestCase1">
        <test-method status="PASS" signature="launchDriver()[pri:0, instance:com.AutomationTest.demoProject1.TestCase1@3f4d3d]" name="launchDriver" is-config="true" duration-ms="2402" started-at="2021-06-21T09:46:39Z" finished-at="2021-06-21T09:46:41Z">
          <reporter-output>
          </reporter-output>
        </test-method> <!-- launchDriver -->
        <test-method status="PASS" signature="test1()[pri:0, instance:com.AutomationTest.demoProject1.TestCase1@3f4d3d]" name="test1" duration-ms="3804" started-at="2021-06-21T09:46:41Z" finished-at="2021-06-21T09:46:45Z">
          <reporter-output>
          </reporter-output>
        </test-method> <!-- test1 -->
        <test-method status="PASS" signature="quit()[pri:0, instance:com.AutomationTest.demoProject1.TestCase1@3f4d3d]" name="quit" is-config="true" duration-ms="677" started-at="2021-06-21T09:46:45Z" finished-at="2021-06-21T09:46:45Z">
          <reporter-output>
          </reporter-output>
        </test-method> <!-- quit -->
        <test-method status="PASS" signature="launchDriver()[pri:0, instance:com.AutomationTest.demoProject1.TestCase1@3f4d3d]" name="launchDriver" is-config="true" duration-ms="1491" started-at="2021-06-21T09:46:45Z" finished-at="2021-06-21T09:46:47Z">
          <reporter-output>
          </reporter-output>
        </test-method> <!-- launchDriver -->
        <test-method status="PASS" signature="test2()[pri:0, instance:com.AutomationTest.demoProject1.TestCase1@3f4d3d]" name="test2" duration-ms="6571" started-at="2021-06-21T09:46:47Z" finished-at="2021-06-21T09:46:53Z">
          <reporter-output>
          </reporter-output>
        </test-method> <!-- test2 -->
        <test-method status="PASS" signature="quit()[pri:0, instance:com.AutomationTest.demoProject1.TestCase1@3f4d3d]" name="quit" is-config="true" duration-ms="909" started-at="2021-06-21T09:46:53Z" finished-at="2021-06-21T09:46:54Z">
          <reporter-output>
          </reporter-output>
        </test-method> <!-- quit -->
        <test-method status="PASS" signature="launchDriver()[pri:0, instance:com.AutomationTest.demoProject1.TestCase1@3f4d3d]" name="launchDriver" is-config="true" duration-ms="1397" started-at="2021-06-21T09:46:54Z" finished-at="2021-06-21T09:46:56Z">
          <reporter-output>
          </reporter-output>
        </test-method> <!-- launchDriver -->
        <test-method status="PASS" signature="test3()[pri:0, instance:com.AutomationTest.demoProject1.TestCase1@3f4d3d]" name="test3" duration-ms="20345" started-at="2021-06-21T09:46:56Z" finished-at="2021-06-21T09:47:16Z">
          <reporter-output>
          </reporter-output>
        </test-method> <!-- test3 -->
        <test-method status="PASS" signature="quit()[pri:0, instance:com.AutomationTest.demoProject1.TestCase1@3f4d3d]" name="quit" is-config="true" duration-ms="656" started-at="2021-06-21T09:47:16Z" finished-at="2021-06-21T09:47:17Z">
          <reporter-output>
          </reporter-output>
        </test-method> <!-- quit -->
      </class> <!-- com.AutomationTest.demoProject1.TestCase1 -->
    </test> <!-- Test -->
  </suite> <!-- Suite -->
</testng-results>
